File is not an html: /mnt/tmpfs/data/20160707/7G5RBZJ24HD5POBUSLS5SJI5XY/index.html
File is not an html: /mnt/tmpfs/data/20160707/DBJUCNZN4F5J2A75O6BCL3ZAVU/index.html
File is not an html: /mnt/tmpfs/data/20160707/2QHPKUESDLGDUDHD5AZRQJ5YCE/index.html
File is not an html: /mnt/tmpfs/data/20160707/C3RHAND2CQVR7TFTEM3CSJPOTM/index.html
File is not an html: /mnt/tmpfs/data/20160707/EI6QO7XXUYFOH2YNFS2YHZJRAE/index.html
File is not an html: /mnt/tmpfs/data/20160707/25RIY5LVEWC2DFHVOSXYWUTG5U/index.html
File is not an html: /mnt/tmpfs/data/20160707/MJQIHEZAL33CVPILNKUGW6I47U/index.html
File is not an html: /mnt/tmpfs/data/20160707/PKK2KFCFWH2QJ46356T2HQSULI/index.html
File is not an html: /mnt/tmpfs/data/20160707/VXAPQISP35LEGQWEAKSYA7LPD4/index.html
File is not an html: /mnt/tmpfs/data/20160707/A6WS64OH7C3KVQRMQAWEPXPVOE/index.html
File is not an html: /mnt/tmpfs/data/20160707/DU6QLQANQYFL7ERCHMPONDLNCY/index.html
File is not an html: /mnt/tmpfs/data/20160707/OW5OMX7LFGQD3NCEHHC5JBKRQU/index.html
File is not an html: /mnt/tmpfs/data/20160707/J2XD7HFU5GPA4JPZPFCVBZPDQI/index.html
File is not an html: /mnt/tmpfs/data/20160707/22SHOXKINEMUDWGOK25QDA72AQ/index.html
File is not an html: /mnt/tmpfs/data/20160707/QFZNSPGSFJVTFCR5YN4OJQQ5BA/index.html
File is not an html: /mnt/tmpfs/data/20160707/WE557BLTUU6NFOOYRRZZO4R67I/index.html
File is not an html: /mnt/tmpfs/data/20160707/AGJOMZ4B36CLE527EPU2JXMNJM/index.html
File is not an html: /mnt/tmpfs/data/20160707/O7LEXUMYCI3HC4O3NUPNEZ7CNQ/index.html
File is not an html: /mnt/tmpfs/data/20160707/YNE477HTEOWGD5TMHI3EYDLLGI/index.html
File is not an html: /mnt/tmpfs/data/20160707/7FLDYD6Q3MMXWDKLJQAICO6YZE/index.html
File is not an html: /mnt/tmpfs/data/20160707/PJD3MH5A2JN46SE6OLMR7FVJ5Q/index.html
File is not an html: /mnt/tmpfs/data/20160707/FY242WXE5DCPIVJRVQX5RZIXAE/index.html
File is not an html: /mnt/tmpfs/data/20160707/EK22ADSK33XTX5O76HFIOVXVJM/index.html
File is not an html: /mnt/tmpfs/data/20160707/QUOUTMVXQBVZQ4O25OI5MB434Q/index.html
File is not an html: /mnt/tmpfs/data/20160707/O55Y3TU7E47F3OXQ3NEUK6534M/index.html
File is not an html: /mnt/tmpfs/data/20160707/TD543ZIZKUBAGMW2CIMFXDKKHU/index.html
File is not an html: /mnt/tmpfs/data/20160707/PYDFDVJ3ZA52ESKLEVXAQOUWOA/index.html
File is not an html: /mnt/tmpfs/data/20160707/EQTPRTRXNR4A4ITOPUYCQ4KUGA/index.html
File is not an html: /mnt/tmpfs/data/20160707/GXV3B6SJMVY2PXRYYPFJIM23W4/index.html
File is not an html: /mnt/tmpfs/data/20160707/3X4WKHIDKNGVA5WH5R6RPVGBWI/index.html
File is not an html: /mnt/tmpfs/data/20160707/6GIZGHEYEU4X2HWUQ4FPVVBF34/index.html
File is not an html: /mnt/tmpfs/data/20160707/RWATE3CA37C2TBPWHJQBIY5BS4/index.html
File is not an html: /mnt/tmpfs/data/20160707/JUCIJE7JDB4S57YYKI4DDTLL5M/index.html
File is not an html: /mnt/tmpfs/data/20160707/ASSNIIAD65O5XGXEZ47DKLLFJE/index.html
File is not an html: /mnt/tmpfs/data/20160707/DDIPRYR5CEAWVUJTBDNU2ILHKI/index.html
File is not an html: /mnt/tmpfs/data/20160707/7HVXIGS2IILU7BLYEGTN7EPJDM/index.html
File is not an html: /mnt/tmpfs/data/20160707/5OGGRQ62BSMM26Q7FUEBX3XGIE/index.html
File is not an html: /mnt/tmpfs/data/20160707/HQYKOZPIQ5X4BLAYKZOZVDWHG4/index.html
File is not an html: /mnt/tmpfs/data/20160707/YAF4FINK5JBTYDTYX33WHDKQ5Y/index.html
File is not an html: /mnt/tmpfs/data/20160707/HORHKY5JTKDP5GXV6J3WZ5D6WM/index.html
File is not an html: /mnt/tmpfs/data/20160707/2WQWQFBSVRM4JGATSZFWB2S6C4/index.html
File is not an html: /mnt/tmpfs/data/20160707/4YBZEJTB546ZSJDMV5DQMG2D3I/index.html
File is not an html: /mnt/tmpfs/data/20160707/GLPOJHFPW2KN42VGH3JAXFVUQA/index.html
File is not an html: /mnt/tmpfs/data/20160707/RLXBHEX5EL5G3DLFZO4D4SRCGQ/index.html
File is not an html: /mnt/tmpfs/data/20160707/Y2FP6VROJAQ5FVBPFUSCEYOGRY/index.html
File is not an html: /mnt/tmpfs/data/20160707/WW766A6ES6X6H3DXGTIDZF2IOQ/index.html
File is not an html: /mnt/tmpfs/data/20160707/DJQDSA3YGTW66LDXUOUOUEBXEU/index.html
File is not an html: /mnt/tmpfs/data/20170427/MPNWN6VMMH2HXQYP3FIJV2PDWM/index.html
File is not an html: /mnt/tmpfs/data/20170427/K22AVPEWLEGPPLZEUIK5AVTP6M/index.html
File is not an html: /mnt/tmpfs/data/20170427/X3L5VIVSGTMT2VRGBKUIXDREII/index.html
File is not an html: /mnt/tmpfs/data/20170427/LA5STY7MCRIUWYJORX7C4XNJSE/index.html
File is not an html: /mnt/tmpfs/data/20170427/XRYCAS4CJG2MZW6BSY6VWXENQA/index.html
File is not an html: /mnt/tmpfs/data/20170427/FX6ST6ERRXQZ2CZ7DEAJOJOCEY/index.html
File is not an html: /mnt/tmpfs/data/20170427/L4BMRORBLHNKAE4ODPCLYQRX3I/index.html
File is not an html: /mnt/tmpfs/data/20170427/JPIY4UH6KNYA5B2CPE4ZMS4NEA/index.html
File is not an html: /mnt/tmpfs/data/20170427/BGYKV5VNIHNR4ROEFINELQHNWI/index.html
File is not an html: /mnt/tmpfs/data/20170427/ZJ6MFGPH3GIGHJFZ7AKS4D2FHY/index.html
File is not an html: /mnt/tmpfs/data/20170427/XJ6NT4UZ7EGT2IKPSF34LYCQO4/index.html
File is not an html: /mnt/tmpfs/data/20170427/7MWAGMWCN4ZOH622WSZFXTTY3Q/index.html
File is not an html: /mnt/tmpfs/data/20170427/EJ2G7ENWDMWJNRAFQE2227A7XU/index.html
File is not an html: /mnt/tmpfs/data/20170427/MKLS2JQW5CT3LHERNVLEQE6AOA/index.html
File is not an html: /mnt/tmpfs/data/20170427/SJBNXAEIQOTX3AT3OUWISU7KGY/index.html
File is not an html: /mnt/tmpfs/data/20170427/FZO52BXHWY4OK7VOCQRWPZ7ILI/index.html
File is not an html: /mnt/tmpfs/data/20170427/AO65IYD726B2UBYOTLZHWIQUG4/index.html
File is not an html: /mnt/tmpfs/data/20170427/O5KORUNHBMV7GWJCTALSDITUSQ/index.html
File is not an html: /mnt/tmpfs/data/20170427/TDTXHAMVYG7WWDVLJ2DB43TY4M/index.html
File is not an html: /mnt/tmpfs/data/20170427/2LINVWOZGBGEUSC775VMVCALCE/index.html
File is not an html: /mnt/tmpfs/data/20170427/AASMWZ4NPGXOWKZCOVWVSH33HE/index.html
File is not an html: /mnt/tmpfs/data/20170427/GTIQUAWFG44KGXTDL6IZ5NEEJY/index.html
File is not an html: /mnt/tmpfs/data/20170427/CB74DER5ZPAJ4CNKUDIDUXDDYY/index.html
File is not an html: /mnt/tmpfs/data/20170427/CIWKR53F5FHQ33ZVTCBLH4LSKI/index.html
File is not an html: /mnt/tmpfs/data/20170427/3I54WDWIWLBZJKPUFXKNWQJILI/index.html
File is not an html: /mnt/tmpfs/data/20170427/BM5JKXTIAJJXMYZU6X4JP3HNL4/index.html
File is not an html: /mnt/tmpfs/data/20170427/CF7VEVGDG5YZNPK7UMVPNJVANM/index.html
File is not an html: /mnt/tmpfs/data/20170427/TARCAYQP2JK5LRQGOJ4AXPYJK4/index.html
